<?xml version="1.0" encoding="UTF-8"?>
<!-- Generated by org.testng.reporters.JUnitXMLReporter -->
<testsuite ignored="0" hostname="DESKTOP-4387F4N" failures="1" tests="1" name="Default test" time="3.157" errors="0" timestamp="2023-11-03T12:11:55 IST">
  <testcase classname="day6.JSONScemaValidation" name="jsonSchemaValidation" time="3.084">
    <failure type="java.lang.AssertionError" message="1 expectation failed.
Response body doesn&amp;apos;t match expectation.
Expected: The content to match the given JSON schema.
error: instance type (array) does not match any allowed primitive type (allowed: [&amp;quot;object&amp;quot;])
    level: &amp;quot;error&amp;quot;
    schema: {&amp;quot;loadingURI&amp;quot;:&amp;quot;file:/C:/Users/Meher%20Afrose/eclipse-workspace/RestAssuredPrac/target/test-classes/jsonSchema.json#&amp;quot;,&amp;quot;pointer&amp;quot;:&amp;quot;/definitions/Welcome10&amp;quot;}
    instance: {&amp;quot;pointer&amp;quot;:&amp;quot;&amp;quot;}
    domain: &amp;quot;validation&amp;quot;
    keyword: &amp;quot;type&amp;quot;
    found: &amp;quot;array&amp;quot;
    expected: [&amp;quot;object&amp;quot;]

  Actual: [
  {
    &amp;quot;firstName&amp;quot;: &amp;quot;Joe&amp;quot;,
    &amp;quot;lastName&amp;quot;: &amp;quot;Jackson&amp;quot;,
    &amp;quot;gender&amp;quot;: &amp;quot;male&amp;quot;,
    &amp;quot;age&amp;quot;: 28,
    &amp;quot;number&amp;quot;: &amp;quot;7349282382&amp;quot;
  },
  {
    &amp;quot;firstName&amp;quot;: &amp;quot;James&amp;quot;,
    &amp;quot;lastName&amp;quot;: &amp;quot;Smith&amp;quot;,
    &amp;quot;gender&amp;quot;: &amp;quot;male&amp;quot;,
    &amp;quot;age&amp;quot;: 32,
    &amp;quot;number&amp;quot;: &amp;quot;5678568567&amp;quot;
  },
  {
    &amp;quot;firstName&amp;quot;: &amp;quot;Emily&amp;quot;,
    &amp;quot;lastName&amp;quot;: &amp;quot;Jones&amp;quot;,
    &amp;quot;gender&amp;quot;: &amp;quot;female&amp;quot;,
    &amp;quot;age&amp;quot;: 24,
    &amp;quot;number&amp;quot;: &amp;quot;456754675&amp;quot;
  }
]
">
      <![CDATA[java.lang.AssertionError: 1 expectation failed.
Response body doesn't match expectation.
Expected: The content to match the given JSON schema.
error: instance type (array) does not match any allowed primitive type (allowed: ["object"])
    level: "error"
    schema: {"loadingURI":"file:/C:/Users/Meher%20Afrose/eclipse-workspace/RestAssuredPrac/target/test-classes/jsonSchema.json#","pointer":"/definitions/Welcome10"}
    instance: {"pointer":""}
    domain: "validation"
    keyword: "type"
    found: "array"
    expected: ["object"]

  Actual: [
  {
    "firstName": "Joe",
    "lastName": "Jackson",
    "gender": "male",
    "age": 28,
    "number": "7349282382"
  },
  {
    "firstName": "James",
    "lastName": "Smith",
    "gender": "male",
    "age": 32,
    "number": "5678568567"
  },
  {
    "firstName": "Emily",
    "lastName": "Jones",
    "gender": "female",
    "age": 24,
    "number": "456754675"
  }
]

at java.base/jdk.internal.reflect.DirectConstructorHandleAccessor.newInstance(DirectConstructorHandleAccessor.java:62)
at java.base/java.lang.reflect.Constructor.newInstanceWithCaller(Constructor.java:502)
at java.base/java.lang.reflect.Constructor.newInstance(Constructor.java:486)
at org.codehaus.groovy.reflection.CachedConstructor.invoke(CachedConstructor.java:73)
at org.codehaus.groovy.runtime.callsite.ConstructorSite$ConstructorSiteNoUnwrapNoCoerce.callConstructor(ConstructorSite.java:108)
at org.codehaus.groovy.runtime.callsite.CallSiteArray.defaultCallConstructor(CallSiteArray.java:57)
at org.codehaus.groovy.runtime.callsite.AbstractCallSite.callConstructor(AbstractCallSite.java:263)
at org.codehaus.groovy.runtime.callsite.AbstractCallSite.callConstructor(AbstractCallSite.java:277)
at io.restassured.internal.ResponseSpecificationImpl$HamcrestAssertionClosure.validate(ResponseSpecificationImpl.groovy:512)
at io.restassured.internal.ResponseSpecificationImpl$HamcrestAssertionClosure$validate$1.call(Unknown Source)
at org.codehaus.groovy.runtime.callsite.CallSiteArray.defaultCall(CallSiteArray.java:45)
at org.codehaus.groovy.runtime.callsite.AbstractCallSite.call(AbstractCallSite.java:125)
at org.codehaus.groovy.runtime.callsite.AbstractCallSite.call(AbstractCallSite.java:139)
at io.restassured.internal.ResponseSpecificationImpl.validateResponseIfRequired(ResponseSpecificationImpl.groovy:696)
at io.restassured.internal.ResponseSpecificationImpl.this$2$validateResponseIfRequired(ResponseSpecificationImpl.groovy)
at java.base/jdk.internal.reflect.DirectMethodHandleAccessor.invoke(DirectMethodHandleAccessor.java:103)
at java.base/java.lang.reflect.Method.invoke(Method.java:580)
at org.codehaus.groovy.runtime.callsite.PlainObjectMetaMethodSite.doInvoke(PlainObjectMetaMethodSite.java:43)
at org.codehaus.groovy.runtime.callsite.PogoMetaMethodSite$PogoCachedMethodSiteNoUnwrapNoCoerce.invoke(PogoMetaMethodSite.java:198)
at org.codehaus.groovy.runtime.callsite.PogoMetaMethodSite.callCurrent(PogoMetaMethodSite.java:62)
at org.codehaus.groovy.runtime.callsite.CallSiteArray.defaultCallCurrent(CallSiteArray.java:49)
at org.codehaus.groovy.runtime.callsite.AbstractCallSite.callCurrent(AbstractCallSite.java:171)
at org.codehaus.groovy.runtime.callsite.AbstractCallSite.callCurrent(AbstractCallSite.java:185)
at io.restassured.internal.ResponseSpecificationImpl.body(ResponseSpecificationImpl.groovy:107)
at io.restassured.internal.ValidatableResponseOptionsImpl.body(ValidatableResponseOptionsImpl.java:238)
at day6.JSONScemaValidation.jsonSchemaValidation(JSONScemaValidation.java:24)
at java.base/jdk.internal.reflect.DirectMethodHandleAccessor.invoke(DirectMethodHandleAccessor.java:103)
at java.base/java.lang.reflect.Method.invoke(Method.java:580)
at org.testng.internal.invokers.MethodInvocationHelper.invokeMethod(MethodInvocationHelper.java:139)
at org.testng.internal.invokers.TestInvoker.invokeMethod(TestInvoker.java:664)
at org.testng.internal.invokers.TestInvoker.invokeTestMethod(TestInvoker.java:227)
at org.testng.internal.invokers.MethodRunner.runInSequence(MethodRunner.java:50)
at org.testng.internal.invokers.TestInvoker$MethodInvocationAgent.invoke(TestInvoker.java:957)
at org.testng.internal.invokers.TestInvoker.invokeTestMethods(TestInvoker.java:200)
at org.testng.internal.invokers.TestMethodWorker.invokeTestMethods(TestMethodWorker.java:148)
at org.testng.internal.invokers.TestMethodWorker.run(TestMethodWorker.java:128)
at java.base/java.util.ArrayList.forEach(ArrayList.java:1596)
at org.testng.TestRunner.privateRun(TestRunner.java:848)
at org.testng.TestRunner.run(TestRunner.java:621)
at org.testng.SuiteRunner.runTest(SuiteRunner.java:443)
at org.testng.SuiteRunner.runSequentially(SuiteRunner.java:437)
at org.testng.SuiteRunner.privateRun(SuiteRunner.java:397)
at org.testng.SuiteRunner.run(SuiteRunner.java:336)
at org.testng.SuiteRunnerWorker.runSuite(SuiteRunnerWorker.java:52)
at org.testng.SuiteRunnerWorker.run(SuiteRunnerWorker.java:95)
at org.testng.TestNG.runSuitesSequentially(TestNG.java:1280)
at org.testng.TestNG.runSuitesLocally(TestNG.java:1200)
at org.testng.TestNG.runSuites(TestNG.java:1114)
at org.testng.TestNG.run(TestNG.java:1082)
at org.testng.remote.AbstractRemoteTestNG.run(AbstractRemoteTestNG.java:115)
at org.testng.remote.RemoteTestNG.initAndRun(RemoteTestNG.java:251)
at org.testng.remote.RemoteTestNG.main(RemoteTestNG.java:77)
]]>
    </failure>
  </testcase> <!-- jsonSchemaValidation -->
</testsuite> <!-- Default test -->
